<?xml version="1.0" encoding="UTF-8"?>
<coverage generated="1725929657091" clover="3.2.0">
  <project timestamp="1725929657091" name="All files">
    <metrics statements="80" coveredstatements="76" conditionals="30" coveredconditionals="29" methods="2" coveredmethods="2" elements="112" coveredelements="107" complexity="0" loc="80" ncloc="80" packages="1" files="1" classes="1"/>
    <file name="recintos-zoo.js" path="C:\Users\verym\Desktop\projetos\teste\desafio-verymew-2024\src\recintos-zoo.js">
      <metrics statements="80" coveredstatements="76" conditionals="30" coveredconditionals="29" methods="2" coveredmethods="2"/>
      <line num="1" count="1" type="stmt"/>
      <line num="2" count="1" type="stmt"/>
      <line num="3" count="1" type="cond" truecount="1" falsecount="0"/>
      <line num="4" count="6" type="stmt"/>
      <line num="5" count="6" type="stmt"/>
      <line num="6" count="6" type="cond" truecount="1" falsecount="0"/>
      <line num="7" count="6" type="stmt"/>
      <line num="8" count="6" type="stmt"/>
      <line num="9" count="6" type="stmt"/>
      <line num="10" count="6" type="cond" truecount="2" falsecount="0"/>
      <line num="11" count="1" type="stmt"/>
      <line num="12" count="1" type="cond" truecount="1" falsecount="0"/>
      <line num="13" count="5" type="stmt"/>
      <line num="14" count="6" type="cond" truecount="1" falsecount="0"/>
      <line num="15" count="1" type="stmt"/>
      <line num="16" count="1" type="cond" truecount="1" falsecount="0"/>
      <line num="17" count="4" type="stmt"/>
      <line num="18" count="4" type="stmt"/>
      <line num="19" count="6" type="cond" truecount="1" falsecount="0"/>
      <line num="20" count="1" type="stmt"/>
      <line num="21" count="1" type="cond" truecount="1" falsecount="0"/>
      <line num="22" count="5" type="stmt"/>
      <line num="23" count="5" type="cond" truecount="2" falsecount="0"/>
      <line num="24" count="2" type="stmt"/>
      <line num="25" count="2" type="cond" truecount="1" falsecount="0"/>
      <line num="26" count="1" type="stmt"/>
      <line num="27" count="1" type="stmt"/>
      <line num="28" count="1" type="stmt"/>
      <line num="29" count="1" type="stmt"/>
      <line num="30" count="1" type="stmt"/>
      <line num="31" count="2" type="stmt"/>
      <line num="32" count="5" type="stmt"/>
      <line num="33" count="1" type="stmt"/>
      <line num="34" count="6" type="cond" truecount="1" falsecount="0"/>
      <line num="35" count="4" type="stmt"/>
      <line num="36" count="4" type="stmt"/>
      <line num="37" count="6" type="cond" truecount="1" falsecount="0"/>
      <line num="38" count="3" type="stmt"/>
      <line num="39" count="3" type="cond" truecount="1" falsecount="0"/>
      <line num="40" count="15" type="stmt"/>
      <line num="41" count="15" type="cond" truecount="3" falsecount="0"/>
      <line num="42" count="9" type="stmt"/>
      <line num="43" count="9" type="cond" truecount="2" falsecount="0"/>
      <line num="44" count="3" type="stmt"/>
      <line num="45" count="9" type="stmt"/>
      <line num="46" count="9" type="stmt"/>
      <line num="47" count="9" type="stmt"/>
      <line num="48" count="9" type="cond" truecount="1" falsecount="0"/>
      <line num="49" count="3" type="stmt"/>
      <line num="50" count="9" type="cond" truecount="1" falsecount="0"/>
      <line num="51" count="6" type="stmt"/>
      <line num="52" count="6" type="stmt"/>
      <line num="53" count="9" type="cond" truecount="0" falsecount="1"/>
      <line num="54" count="0" type="stmt"/>
      <line num="55" count="0" type="stmt"/>
      <line num="56" count="0" type="stmt"/>
      <line num="57" count="0" type="stmt"/>
      <line num="58" count="9" type="cond" truecount="1" falsecount="0"/>
      <line num="59" count="6" type="stmt"/>
      <line num="60" count="6" type="stmt"/>
      <line num="61" count="6" type="stmt"/>
      <line num="62" count="3" type="cond" truecount="1" falsecount="0"/>
      <line num="63" count="9" type="cond" truecount="1" falsecount="0"/>
      <line num="64" count="1" type="stmt"/>
      <line num="65" count="9" type="cond" truecount="1" falsecount="0"/>
      <line num="66" count="5" type="stmt"/>
      <line num="67" count="5" type="stmt"/>
      <line num="68" count="15" type="stmt"/>
      <line num="69" count="3" type="stmt"/>
      <line num="70" count="6" type="cond" truecount="1" falsecount="0"/>
      <line num="71" count="4" type="stmt"/>
      <line num="72" count="6" type="cond" truecount="1" falsecount="0"/>
      <line num="73" count="1" type="stmt"/>
      <line num="74" count="1" type="cond" truecount="1" falsecount="0"/>
      <line num="75" count="3" type="stmt"/>
      <line num="76" count="3" type="stmt"/>
      <line num="77" count="3" type="stmt"/>
      <line num="78" count="6" type="stmt"/>
      <line num="79" count="1" type="stmt"/>
      <line num="80" count="1" type="stmt"/>
    </file>
  </project>
</coverage>
