{"C:\\Users\\verym\\Desktop\\projetos\\teste\\desafio-verymew-2024\\src\\recintos-zoo.js": {"path":"C:\\Users\\verym\\Desktop\\projetos\\teste\\desafio-verymew-2024\\src\\recintos-zoo.js","all":false,"statementMap":{"0":{"start":{"line":1,"column":0},"end":{"line":1,"column":36}},"1":{"start":{"line":2,"column":0},"end":{"line":2,"column":0}},"2":{"start":{"line":3,"column":0},"end":{"line":3,"column":23}},"3":{"start":{"line":4,"column":0},"end":{"line":4,"column":30}},"4":{"start":{"line":5,"column":0},"end":{"line":5,"column":33}},"5":{"start":{"line":6,"column":0},"end":{"line":6,"column":35}},"6":{"start":{"line":7,"column":0},"end":{"line":7,"column":0}},"7":{"start":{"line":8,"column":0},"end":{"line":8,"column":45}},"8":{"start":{"line":9,"column":0},"end":{"line":9,"column":39}},"9":{"start":{"line":10,"column":0},"end":{"line":10,"column":0}},"10":{"start":{"line":11,"column":0},"end":{"line":11,"column":93}},"11":{"start":{"line":12,"column":0},"end":{"line":12,"column":74}},"12":{"start":{"line":13,"column":0},"end":{"line":13,"column":13}},"13":{"start":{"line":14,"column":0},"end":{"line":14,"column":0}},"14":{"start":{"line":15,"column":0},"end":{"line":15,"column":34}},"15":{"start":{"line":16,"column":0},"end":{"line":16,"column":78}},"16":{"start":{"line":17,"column":0},"end":{"line":17,"column":13}},"17":{"start":{"line":18,"column":0},"end":{"line":18,"column":0}},"18":{"start":{"line":19,"column":0},"end":{"line":19,"column":44}},"19":{"start":{"line":20,"column":0},"end":{"line":20,"column":86}},"20":{"start":{"line":21,"column":0},"end":{"line":21,"column":76}},"21":{"start":{"line":22,"column":0},"end":{"line":22,"column":109}},"22":{"start":{"line":23,"column":0},"end":{"line":23,"column":77}},"23":{"start":{"line":24,"column":0},"end":{"line":24,"column":38}},"24":{"start":{"line":25,"column":0},"end":{"line":25,"column":29}},"25":{"start":{"line":26,"column":0},"end":{"line":26,"column":17}},"26":{"start":{"line":27,"column":0},"end":{"line":27,"column":0}},"27":{"start":{"line":28,"column":0},"end":{"line":28,"column":72}},"28":{"start":{"line":29,"column":0},"end":{"line":29,"column":121}},"29":{"start":{"line":30,"column":0},"end":{"line":30,"column":29}},"30":{"start":{"line":31,"column":0},"end":{"line":31,"column":17}},"31":{"start":{"line":32,"column":0},"end":{"line":32,"column":87}},"32":{"start":{"line":33,"column":0},"end":{"line":33,"column":103}},"33":{"start":{"line":34,"column":0},"end":{"line":34,"column":29}},"34":{"start":{"line":35,"column":0},"end":{"line":35,"column":17}},"35":{"start":{"line":36,"column":0},"end":{"line":36,"column":0}},"36":{"start":{"line":37,"column":0},"end":{"line":37,"column":57}},"37":{"start":{"line":38,"column":0},"end":{"line":38,"column":95}},"38":{"start":{"line":39,"column":0},"end":{"line":39,"column":134}},"39":{"start":{"line":40,"column":0},"end":{"line":40,"column":21}},"40":{"start":{"line":41,"column":0},"end":{"line":41,"column":24}},"41":{"start":{"line":42,"column":0},"end":{"line":42,"column":54}},"42":{"start":{"line":43,"column":0},"end":{"line":43,"column":33}},"43":{"start":{"line":44,"column":0},"end":{"line":44,"column":21}},"44":{"start":{"line":45,"column":0},"end":{"line":45,"column":106}},"45":{"start":{"line":46,"column":0},"end":{"line":46,"column":38}},"46":{"start":{"line":47,"column":0},"end":{"line":47,"column":82}},"47":{"start":{"line":48,"column":0},"end":{"line":48,"column":21}},"48":{"start":{"line":49,"column":0},"end":{"line":49,"column":65}},"49":{"start":{"line":50,"column":0},"end":{"line":50,"column":152}},"50":{"start":{"line":51,"column":0},"end":{"line":51,"column":138}},"51":{"start":{"line":52,"column":0},"end":{"line":52,"column":25}},"52":{"start":{"line":53,"column":0},"end":{"line":53,"column":33}},"53":{"start":{"line":54,"column":0},"end":{"line":54,"column":21}},"54":{"start":{"line":55,"column":0},"end":{"line":55,"column":130}},"55":{"start":{"line":56,"column":0},"end":{"line":56,"column":17}},"56":{"start":{"line":57,"column":0},"end":{"line":57,"column":13}},"57":{"start":{"line":58,"column":0},"end":{"line":58,"column":0}},"58":{"start":{"line":59,"column":0},"end":{"line":59,"column":52}},"59":{"start":{"line":60,"column":0},"end":{"line":60,"column":80}},"60":{"start":{"line":61,"column":0},"end":{"line":61,"column":13}},"61":{"start":{"line":62,"column":0},"end":{"line":62,"column":0}},"62":{"start":{"line":63,"column":0},"end":{"line":63,"column":62}},"63":{"start":{"line":64,"column":0},"end":{"line":64,"column":9}},"64":{"start":{"line":65,"column":0},"end":{"line":65,"column":0}},"65":{"start":{"line":66,"column":0},"end":{"line":66,"column":43}},"66":{"start":{"line":67,"column":0},"end":{"line":67,"column":97}},"67":{"start":{"line":68,"column":0},"end":{"line":68,"column":0}},"68":{"start":{"line":69,"column":0},"end":{"line":69,"column":120}},"69":{"start":{"line":70,"column":0},"end":{"line":70,"column":5}},"70":{"start":{"line":71,"column":0},"end":{"line":71,"column":0}},"71":{"start":{"line":72,"column":0},"end":{"line":72,"column":42}}},"s":{"0":1,"1":1,"2":1,"3":6,"4":6,"5":6,"6":6,"7":6,"8":6,"9":6,"10":6,"11":1,"12":1,"13":5,"14":6,"15":1,"16":1,"17":4,"18":6,"19":20,"20":20,"21":20,"22":20,"23":20,"24":5,"25":5,"26":15,"27":15,"28":20,"29":2,"30":2,"31":13,"32":20,"33":4,"34":4,"35":9,"36":20,"37":2,"38":1,"39":1,"40":20,"41":7,"42":2,"43":2,"44":7,"45":2,"46":2,"47":2,"48":7,"49":0,"50":0,"51":0,"52":0,"53":0,"54":5,"55":5,"56":20,"57":4,"58":6,"59":1,"60":1,"61":3,"62":3,"63":3,"64":6,"65":6,"66":6,"67":6,"68":6,"69":6,"70":1,"71":1},"branchMap":{"0":{"type":"branch","line":3,"loc":{"start":{"line":3,"column":22},"end":{"line":70,"column":5}},"locations":[{"start":{"line":3,"column":22},"end":{"line":70,"column":5}}]},"1":{"type":"branch","line":8,"loc":{"start":{"line":8,"column":8},"end":{"line":64,"column":9}},"locations":[{"start":{"line":8,"column":8},"end":{"line":64,"column":9}}]},"2":{"type":"branch","line":11,"loc":{"start":{"line":11,"column":53},"end":{"line":11,"column":90}},"locations":[{"start":{"line":11,"column":53},"end":{"line":11,"column":90}}]},"3":{"type":"branch","line":11,"loc":{"start":{"line":11,"column":92},"end":{"line":13,"column":13}},"locations":[{"start":{"line":11,"column":92},"end":{"line":13,"column":13}}]},"4":{"type":"branch","line":13,"loc":{"start":{"line":13,"column":12},"end":{"line":15,"column":33}},"locations":[{"start":{"line":13,"column":12},"end":{"line":15,"column":33}}]},"5":{"type":"branch","line":15,"loc":{"start":{"line":15,"column":33},"end":{"line":17,"column":13}},"locations":[{"start":{"line":15,"column":33},"end":{"line":17,"column":13}}]},"6":{"type":"branch","line":17,"loc":{"start":{"line":17,"column":12},"end":{"line":19,"column":43}},"locations":[{"start":{"line":17,"column":12},"end":{"line":19,"column":43}}]},"7":{"type":"branch","line":19,"loc":{"start":{"line":19,"column":43},"end":{"line":57,"column":13}},"locations":[{"start":{"line":19,"column":43},"end":{"line":57,"column":13}}]},"8":{"type":"branch","line":24,"loc":{"start":{"line":24,"column":37},"end":{"line":26,"column":17}},"locations":[{"start":{"line":24,"column":37},"end":{"line":26,"column":17}}]},"9":{"type":"branch","line":26,"loc":{"start":{"line":26,"column":16},"end":{"line":29,"column":66}},"locations":[{"start":{"line":26,"column":16},"end":{"line":29,"column":66}}]},"10":{"type":"branch","line":29,"loc":{"start":{"line":29,"column":62},"end":{"line":29,"column":81}},"locations":[{"start":{"line":29,"column":62},"end":{"line":29,"column":81}}]},"11":{"type":"branch","line":29,"loc":{"start":{"line":29,"column":81},"end":{"line":29,"column":118}},"locations":[{"start":{"line":29,"column":81},"end":{"line":29,"column":118}}]},"12":{"type":"branch","line":29,"loc":{"start":{"line":29,"column":120},"end":{"line":31,"column":17}},"locations":[{"start":{"line":29,"column":120},"end":{"line":31,"column":17}}]},"13":{"type":"branch","line":31,"loc":{"start":{"line":31,"column":16},"end":{"line":33,"column":102}},"locations":[{"start":{"line":31,"column":16},"end":{"line":33,"column":102}}]},"14":{"type":"branch","line":33,"loc":{"start":{"line":33,"column":102},"end":{"line":35,"column":17}},"locations":[{"start":{"line":33,"column":102},"end":{"line":35,"column":17}}]},"15":{"type":"branch","line":35,"loc":{"start":{"line":35,"column":16},"end":{"line":37,"column":56}},"locations":[{"start":{"line":35,"column":16},"end":{"line":37,"column":56}}]},"16":{"type":"branch","line":37,"loc":{"start":{"line":37,"column":56},"end":{"line":41,"column":17}},"locations":[{"start":{"line":37,"column":56},"end":{"line":41,"column":17}}]},"17":{"type":"branch","line":38,"loc":{"start":{"line":38,"column":94},"end":{"line":40,"column":21}},"locations":[{"start":{"line":38,"column":94},"end":{"line":40,"column":21}}]},"18":{"type":"branch","line":41,"loc":{"start":{"line":41,"column":17},"end":{"line":56,"column":17}},"locations":[{"start":{"line":41,"column":17},"end":{"line":56,"column":17}}]},"19":{"type":"branch","line":42,"loc":{"start":{"line":42,"column":53},"end":{"line":44,"column":21}},"locations":[{"start":{"line":42,"column":53},"end":{"line":44,"column":21}}]},"20":{"type":"branch","line":44,"loc":{"start":{"line":44,"column":20},"end":{"line":45,"column":66}},"locations":[{"start":{"line":44,"column":20},"end":{"line":45,"column":66}}]},"21":{"type":"branch","line":45,"loc":{"start":{"line":45,"column":62},"end":{"line":45,"column":103}},"locations":[{"start":{"line":45,"column":62},"end":{"line":45,"column":103}}]},"22":{"type":"branch","line":45,"loc":{"start":{"line":45,"column":105},"end":{"line":48,"column":21}},"locations":[{"start":{"line":45,"column":105},"end":{"line":48,"column":21}}]},"23":{"type":"branch","line":48,"loc":{"start":{"line":48,"column":20},"end":{"line":49,"column":64}},"locations":[{"start":{"line":48,"column":20},"end":{"line":49,"column":64}}]},"24":{"type":"branch","line":49,"loc":{"start":{"line":49,"column":64},"end":{"line":54,"column":21}},"locations":[{"start":{"line":49,"column":64},"end":{"line":54,"column":21}}]},"25":{"type":"branch","line":54,"loc":{"start":{"line":54,"column":20},"end":{"line":56,"column":17}},"locations":[{"start":{"line":54,"column":20},"end":{"line":56,"column":17}}]},"26":{"type":"branch","line":57,"loc":{"start":{"line":57,"column":12},"end":{"line":59,"column":51}},"locations":[{"start":{"line":57,"column":12},"end":{"line":59,"column":51}}]},"27":{"type":"branch","line":59,"loc":{"start":{"line":59,"column":51},"end":{"line":61,"column":13}},"locations":[{"start":{"line":59,"column":51},"end":{"line":61,"column":13}}]},"28":{"type":"branch","line":61,"loc":{"start":{"line":61,"column":12},"end":{"line":64,"column":9}},"locations":[{"start":{"line":61,"column":12},"end":{"line":64,"column":9}}]},"29":{"type":"branch","line":33,"loc":{"start":{"line":33,"column":49},"end":{"line":33,"column":98}},"locations":[{"start":{"line":33,"column":49},"end":{"line":33,"column":98}}]},"30":{"type":"branch","line":67,"loc":{"start":{"line":67,"column":8},"end":{"line":67,"column":97}},"locations":[{"start":{"line":67,"column":8},"end":{"line":67,"column":97}}]},"31":{"type":"branch","line":69,"loc":{"start":{"line":69,"column":8},"end":{"line":69,"column":120}},"locations":[{"start":{"line":69,"column":8},"end":{"line":69,"column":120}}]},"32":{"type":"branch","line":69,"loc":{"start":{"line":69,"column":70},"end":{"line":69,"column":93}},"locations":[{"start":{"line":69,"column":70},"end":{"line":69,"column":93}}]},"33":{"type":"branch","line":69,"loc":{"start":{"line":69,"column":93},"end":{"line":69,"column":119}},"locations":[{"start":{"line":69,"column":93},"end":{"line":69,"column":119}}]}},"b":{"0":[6],"1":[6],"2":[5],"3":[1],"4":[5],"5":[1],"6":[4],"7":[20],"8":[5],"9":[15],"10":[10],"11":[5],"12":[2],"13":[13],"14":[4],"15":[9],"16":[2],"17":[1],"18":[7],"19":[2],"20":[5],"21":[4],"22":[2],"23":[5],"24":[0],"25":[5],"26":[4],"27":[1],"28":[3],"29":[15],"30":[9],"31":[20],"32":[5],"33":[15]},"fnMap":{"0":{"name":"<instance_members_initializer>","decl":{"start":{"line":3,"column":22},"end":{"line":70,"column":5}},"loc":{"start":{"line":3,"column":22},"end":{"line":70,"column":5}},"line":3},"1":{"name":"analisaRecintos","decl":{"start":{"line":8,"column":8},"end":{"line":64,"column":9}},"loc":{"start":{"line":8,"column":8},"end":{"line":64,"column":9}},"line":8},"2":{"name":"isRecintoCarnivoro","decl":{"start":{"line":67,"column":8},"end":{"line":67,"column":97}},"loc":{"start":{"line":67,"column":8},"end":{"line":67,"column":97}},"line":67},"3":{"name":"isCarnivoro","decl":{"start":{"line":69,"column":8},"end":{"line":69,"column":120}},"loc":{"start":{"line":69,"column":8},"end":{"line":69,"column":120}},"line":69}},"f":{"0":6,"1":6,"2":9,"3":20}}
}
