{"C:\\Users\\verym\\Documents\\StartDB2024\\src\\recintos-zoo.js": {"path":"C:\\Users\\verym\\Documents\\StartDB2024\\src\\recintos-zoo.js","all":false,"statementMap":{"0":{"start":{"line":1,"column":0},"end":{"line":1,"column":32}},"1":{"start":{"line":2,"column":0},"end":{"line":2,"column":0}},"2":{"start":{"line":3,"column":0},"end":{"line":3,"column":19}},"3":{"start":{"line":4,"column":0},"end":{"line":4,"column":26}},"4":{"start":{"line":5,"column":0},"end":{"line":5,"column":0}},"5":{"start":{"line":6,"column":0},"end":{"line":6,"column":41}},"6":{"start":{"line":7,"column":0},"end":{"line":7,"column":36}},"7":{"start":{"line":8,"column":0},"end":{"line":8,"column":38}},"8":{"start":{"line":9,"column":0},"end":{"line":9,"column":0}},"9":{"start":{"line":10,"column":0},"end":{"line":10,"column":77}},"10":{"start":{"line":11,"column":0},"end":{"line":11,"column":70}},"11":{"start":{"line":12,"column":0},"end":{"line":12,"column":9}},"12":{"start":{"line":13,"column":0},"end":{"line":13,"column":0}},"13":{"start":{"line":14,"column":0},"end":{"line":14,"column":30}},"14":{"start":{"line":15,"column":0},"end":{"line":15,"column":74}},"15":{"start":{"line":16,"column":0},"end":{"line":16,"column":9}},"16":{"start":{"line":17,"column":0},"end":{"line":17,"column":0}},"17":{"start":{"line":18,"column":0},"end":{"line":18,"column":49}},"18":{"start":{"line":19,"column":0},"end":{"line":19,"column":43}},"19":{"start":{"line":20,"column":0},"end":{"line":20,"column":70}},"20":{"start":{"line":21,"column":0},"end":{"line":21,"column":38}},"21":{"start":{"line":22,"column":0},"end":{"line":22,"column":93}},"22":{"start":{"line":23,"column":0},"end":{"line":23,"column":103}},"23":{"start":{"line":24,"column":0},"end":{"line":24,"column":115}},"24":{"start":{"line":25,"column":0},"end":{"line":25,"column":92}},"25":{"start":{"line":26,"column":0},"end":{"line":26,"column":93}},"26":{"start":{"line":27,"column":0},"end":{"line":27,"column":105}},"27":{"start":{"line":28,"column":0},"end":{"line":28,"column":47}},"28":{"start":{"line":29,"column":0},"end":{"line":29,"column":132}},"29":{"start":{"line":30,"column":0},"end":{"line":30,"column":26}},"30":{"start":{"line":31,"column":0},"end":{"line":31,"column":22}},"31":{"start":{"line":32,"column":0},"end":{"line":32,"column":18}},"32":{"start":{"line":33,"column":0},"end":{"line":33,"column":14}},"33":{"start":{"line":34,"column":0},"end":{"line":34,"column":10}},"34":{"start":{"line":35,"column":0},"end":{"line":35,"column":0}},"35":{"start":{"line":36,"column":0},"end":{"line":36,"column":61}},"36":{"start":{"line":37,"column":0},"end":{"line":37,"column":39}},"37":{"start":{"line":38,"column":0},"end":{"line":38,"column":62}},"38":{"start":{"line":39,"column":0},"end":{"line":39,"column":38}},"39":{"start":{"line":40,"column":0},"end":{"line":40,"column":93}},"40":{"start":{"line":41,"column":0},"end":{"line":41,"column":148}},"41":{"start":{"line":42,"column":0},"end":{"line":42,"column":85}},"42":{"start":{"line":43,"column":0},"end":{"line":43,"column":92}},"43":{"start":{"line":44,"column":0},"end":{"line":44,"column":43}},"44":{"start":{"line":45,"column":0},"end":{"line":45,"column":22}},"45":{"start":{"line":46,"column":0},"end":{"line":46,"column":101}},"46":{"start":{"line":47,"column":0},"end":{"line":47,"column":107}},"47":{"start":{"line":48,"column":0},"end":{"line":48,"column":49}},"48":{"start":{"line":49,"column":0},"end":{"line":49,"column":108}},"49":{"start":{"line":50,"column":0},"end":{"line":50,"column":132}},"50":{"start":{"line":51,"column":0},"end":{"line":51,"column":26}},"51":{"start":{"line":52,"column":0},"end":{"line":52,"column":33}},"52":{"start":{"line":53,"column":0},"end":{"line":53,"column":22}},"53":{"start":{"line":54,"column":0},"end":{"line":54,"column":41}},"54":{"start":{"line":55,"column":0},"end":{"line":55,"column":127}},"55":{"start":{"line":56,"column":0},"end":{"line":56,"column":22}},"56":{"start":{"line":57,"column":0},"end":{"line":57,"column":18}},"57":{"start":{"line":58,"column":0},"end":{"line":58,"column":14}},"58":{"start":{"line":59,"column":0},"end":{"line":59,"column":10}},"59":{"start":{"line":60,"column":0},"end":{"line":60,"column":0}},"60":{"start":{"line":61,"column":0},"end":{"line":61,"column":48}},"61":{"start":{"line":62,"column":0},"end":{"line":62,"column":76}},"62":{"start":{"line":63,"column":0},"end":{"line":63,"column":9}},"63":{"start":{"line":64,"column":0},"end":{"line":64,"column":0}},"64":{"start":{"line":65,"column":0},"end":{"line":65,"column":58}},"65":{"start":{"line":66,"column":0},"end":{"line":66,"column":5}},"66":{"start":{"line":67,"column":0},"end":{"line":67,"column":1}},"67":{"start":{"line":68,"column":0},"end":{"line":68,"column":0}},"68":{"start":{"line":69,"column":0},"end":{"line":69,"column":38}}},"s":{"0":1,"1":1,"2":1,"3":5,"4":5,"5":5,"6":5,"7":5,"8":5,"9":5,"10":1,"11":1,"12":4,"13":5,"14":1,"15":1,"16":3,"17":3,"18":5,"19":1,"20":1,"21":5,"22":5,"23":2,"24":2,"25":1,"26":1,"27":1,"28":1,"29":1,"30":2,"31":5,"32":1,"33":5,"34":3,"35":3,"36":5,"37":2,"38":2,"39":10,"40":10,"41":6,"42":6,"43":2,"44":6,"45":6,"46":6,"47":6,"48":0,"49":0,"50":0,"51":0,"52":6,"53":6,"54":3,"55":6,"56":10,"57":2,"58":5,"59":3,"60":5,"61":1,"62":1,"63":2,"64":2,"65":2,"66":5,"67":1,"68":1},"branchMap":{"0":{"type":"branch","line":3,"loc":{"start":{"line":3,"column":18},"end":{"line":67,"column":1}},"locations":[{"start":{"line":3,"column":18},"end":{"line":67,"column":1}}]},"1":{"type":"branch","line":6,"loc":{"start":{"line":6,"column":4},"end":{"line":66,"column":5}},"locations":[{"start":{"line":6,"column":4},"end":{"line":66,"column":5}}]},"2":{"type":"branch","line":10,"loc":{"start":{"line":10,"column":43},"end":{"line":10,"column":74}},"locations":[{"start":{"line":10,"column":43},"end":{"line":10,"column":74}}]},"3":{"type":"branch","line":10,"loc":{"start":{"line":10,"column":76},"end":{"line":12,"column":9}},"locations":[{"start":{"line":10,"column":76},"end":{"line":12,"column":9}}]},"4":{"type":"branch","line":12,"loc":{"start":{"line":12,"column":8},"end":{"line":14,"column":29}},"locations":[{"start":{"line":12,"column":8},"end":{"line":14,"column":29}}]},"5":{"type":"branch","line":14,"loc":{"start":{"line":14,"column":29},"end":{"line":16,"column":9}},"locations":[{"start":{"line":14,"column":29},"end":{"line":16,"column":9}}]},"6":{"type":"branch","line":16,"loc":{"start":{"line":16,"column":8},"end":{"line":19,"column":42}},"locations":[{"start":{"line":16,"column":8},"end":{"line":19,"column":42}}]},"7":{"type":"branch","line":19,"loc":{"start":{"line":19,"column":42},"end":{"line":34,"column":9}},"locations":[{"start":{"line":19,"column":42},"end":{"line":34,"column":9}}]},"8":{"type":"branch","line":21,"loc":{"start":{"line":21,"column":37},"end":{"line":33,"column":13}},"locations":[{"start":{"line":21,"column":37},"end":{"line":33,"column":13}}]},"9":{"type":"branch","line":23,"loc":{"start":{"line":23,"column":102},"end":{"line":32,"column":17}},"locations":[{"start":{"line":23,"column":102},"end":{"line":32,"column":17}}]},"10":{"type":"branch","line":25,"loc":{"start":{"line":25,"column":91},"end":{"line":31,"column":21}},"locations":[{"start":{"line":25,"column":91},"end":{"line":31,"column":21}}]},"11":{"type":"branch","line":34,"loc":{"start":{"line":34,"column":8},"end":{"line":37,"column":38}},"locations":[{"start":{"line":34,"column":8},"end":{"line":37,"column":38}}]},"12":{"type":"branch","line":37,"loc":{"start":{"line":37,"column":38},"end":{"line":59,"column":9}},"locations":[{"start":{"line":37,"column":38},"end":{"line":59,"column":9}}]},"13":{"type":"branch","line":39,"loc":{"start":{"line":39,"column":37},"end":{"line":58,"column":13}},"locations":[{"start":{"line":39,"column":37},"end":{"line":58,"column":13}}]},"14":{"type":"branch","line":41,"loc":{"start":{"line":41,"column":96},"end":{"line":41,"column":145}},"locations":[{"start":{"line":41,"column":96},"end":{"line":41,"column":145}}]},"15":{"type":"branch","line":41,"loc":{"start":{"line":41,"column":147},"end":{"line":57,"column":17}},"locations":[{"start":{"line":41,"column":147},"end":{"line":57,"column":17}}]},"16":{"type":"branch","line":43,"loc":{"start":{"line":43,"column":54},"end":{"line":43,"column":89}},"locations":[{"start":{"line":43,"column":54},"end":{"line":43,"column":89}}]},"17":{"type":"branch","line":43,"loc":{"start":{"line":43,"column":91},"end":{"line":45,"column":21}},"locations":[{"start":{"line":43,"column":91},"end":{"line":45,"column":21}}]},"18":{"type":"branch","line":48,"loc":{"start":{"line":48,"column":48},"end":{"line":53,"column":21}},"locations":[{"start":{"line":48,"column":48},"end":{"line":53,"column":21}}]},"19":{"type":"branch","line":54,"loc":{"start":{"line":54,"column":40},"end":{"line":56,"column":21}},"locations":[{"start":{"line":54,"column":40},"end":{"line":56,"column":21}}]},"20":{"type":"branch","line":59,"loc":{"start":{"line":59,"column":8},"end":{"line":61,"column":47}},"locations":[{"start":{"line":59,"column":8},"end":{"line":61,"column":47}}]},"21":{"type":"branch","line":61,"loc":{"start":{"line":61,"column":47},"end":{"line":63,"column":9}},"locations":[{"start":{"line":61,"column":47},"end":{"line":63,"column":9}}]},"22":{"type":"branch","line":63,"loc":{"start":{"line":63,"column":8},"end":{"line":66,"column":5}},"locations":[{"start":{"line":63,"column":8},"end":{"line":66,"column":5}}]},"23":{"type":"branch","line":23,"loc":{"start":{"line":23,"column":56},"end":{"line":23,"column":99}},"locations":[{"start":{"line":23,"column":56},"end":{"line":23,"column":99}}]},"24":{"type":"branch","line":41,"loc":{"start":{"line":41,"column":52},"end":{"line":41,"column":95}},"locations":[{"start":{"line":41,"column":52},"end":{"line":41,"column":95}}]}},"b":{"0":[5],"1":[5],"2":[4],"3":[1],"4":[4],"5":[1],"6":[3],"7":[1],"8":[5],"9":[2],"10":[1],"11":[3],"12":[2],"13":[10],"14":[8],"15":[6],"16":[4],"17":[2],"18":[0],"19":[3],"20":[3],"21":[1],"22":[2],"23":[5],"24":[14]},"fnMap":{"0":{"name":"<instance_members_initializer>","decl":{"start":{"line":3,"column":18},"end":{"line":67,"column":1}},"loc":{"start":{"line":3,"column":18},"end":{"line":67,"column":1}},"line":3},"1":{"name":"analisaRecintos","decl":{"start":{"line":6,"column":4},"end":{"line":66,"column":5}},"loc":{"start":{"line":6,"column":4},"end":{"line":66,"column":5}},"line":6}},"f":{"0":5,"1":5}}
}
