TN:
SF:src\recintos-zoo.js
FN:3,<instance_members_initializer>
FN:6,analisaRecintos
FNF:2
FNH:2
FNDA:6,<instance_members_initializer>
FNDA:6,analisaRecintos
DA:1,1
DA:2,1
DA:3,1
DA:4,6
DA:5,6
DA:6,6
DA:7,6
DA:8,6
DA:9,6
DA:10,6
DA:11,1
DA:12,1
DA:13,5
DA:14,6
DA:15,1
DA:16,1
DA:17,4
DA:18,4
DA:19,6
DA:20,1
DA:21,1
DA:22,5
DA:23,5
DA:24,2
DA:25,2
DA:26,1
DA:27,1
DA:28,1
DA:29,1
DA:30,1
DA:31,2
DA:32,5
DA:33,1
DA:34,6
DA:35,4
DA:36,4
DA:37,6
DA:38,3
DA:39,3
DA:40,15
DA:41,15
DA:42,9
DA:43,9
DA:44,3
DA:45,9
DA:46,9
DA:47,9
DA:48,9
DA:49,3
DA:50,9
DA:51,6
DA:52,6
DA:53,9
DA:54,0
DA:55,0
DA:56,0
DA:57,0
DA:58,9
DA:59,6
DA:60,6
DA:61,6
DA:62,3
DA:63,9
DA:64,1
DA:65,9
DA:66,5
DA:67,5
DA:68,15
DA:69,3
DA:70,6
DA:71,4
DA:72,6
DA:73,1
DA:74,1
DA:75,3
DA:76,3
DA:77,3
DA:78,6
DA:79,1
DA:80,1
LF:80
LH:76
BRDA:3,0,0,6
BRDA:6,1,0,6
BRDA:10,2,0,5
BRDA:10,3,0,1
BRDA:12,4,0,5
BRDA:14,5,0,1
BRDA:16,6,0,4
BRDA:19,7,0,1
BRDA:21,8,0,5
BRDA:23,9,0,2
BRDA:25,10,0,1
BRDA:34,11,0,4
BRDA:37,12,0,3
BRDA:39,13,0,15
BRDA:41,14,0,12
BRDA:41,15,0,9
BRDA:43,16,0,6
BRDA:43,17,0,3
BRDA:48,18,0,3
BRDA:50,19,0,6
BRDA:53,20,0,0
BRDA:58,21,0,6
BRDA:62,22,0,3
BRDA:63,23,0,1
BRDA:65,24,0,5
BRDA:70,25,0,4
BRDA:72,26,0,1
BRDA:74,27,0,3
BRDA:23,28,0,5
BRDA:41,29,0,21
BRF:30
BRH:29
end_of_record
