TN:
SF:src\recintos-zoo.js
FN:3,<instance_members_initializer>
FN:8,analisaRecintos
FN:65,isRecintoCarnivoro
FN:67,isCarnivoro
FNF:4
FNH:4
FNDA:7,<instance_members_initializer>
FNDA:7,analisaRecintos
FNDA:13,isRecintoCarnivoro
FNDA:25,isCarnivoro
DA:1,1
DA:2,1
DA:3,1
DA:4,7
DA:5,7
DA:6,7
DA:7,7
DA:8,7
DA:9,7
DA:10,7
DA:11,7
DA:12,1
DA:13,1
DA:14,6
DA:15,7
DA:16,1
DA:17,1
DA:18,5
DA:19,7
DA:20,25
DA:21,25
DA:22,25
DA:23,25
DA:24,5
DA:25,5
DA:26,20
DA:27,20
DA:28,25
DA:29,2
DA:30,2
DA:31,18
DA:32,25
DA:33,5
DA:34,5
DA:35,13
DA:36,25
DA:37,2
DA:38,1
DA:39,1
DA:40,25
DA:41,11
DA:42,3
DA:43,3
DA:44,11
DA:45,4
DA:46,4
DA:47,8
DA:48,11
DA:49,3
DA:50,2
DA:51,2
DA:52,3
DA:53,3
DA:54,5
DA:55,5
DA:56,25
DA:57,5
DA:58,7
DA:59,1
DA:60,1
DA:61,4
DA:62,4
DA:63,4
DA:64,7
DA:65,7
DA:66,7
DA:67,7
DA:68,7
DA:69,1
DA:70,1
LF:70
LH:70
BRDA:3,0,0,7
BRDA:8,1,0,7
BRDA:11,2,0,6
BRDA:11,3,0,1
BRDA:13,4,0,6
BRDA:15,5,0,1
BRDA:17,6,0,5
BRDA:19,7,0,25
BRDA:23,8,0,5
BRDA:25,9,0,20
BRDA:28,10,0,10
BRDA:28,11,0,5
BRDA:28,12,0,2
BRDA:30,13,0,18
BRDA:32,14,0,5
BRDA:34,15,0,13
BRDA:36,16,0,2
BRDA:37,17,0,1
BRDA:40,18,0,11
BRDA:41,19,0,3
BRDA:43,20,0,8
BRDA:44,21,0,6
BRDA:44,22,0,4
BRDA:46,23,0,8
BRDA:48,24,0,3
BRDA:49,25,0,2
BRDA:49,26,0,2
BRDA:53,27,0,5
BRDA:56,28,0,5
BRDA:58,29,0,1
BRDA:60,30,0,4
BRDA:32,31,0,22
BRDA:49,32,0,5
BRDA:65,33,0,13
BRDA:67,34,0,25
BRDA:67,35,0,5
BRDA:67,36,0,20
BRF:37
BRH:37
end_of_record
